<?xml version="1.0" encoding="UTF-8"?>
<!-- Generated by org.testng.reporters.JUnitReportReporter -->
<testsuite hostname="DESKTOP-EGVTUKQ" name="mxndtr.trt.hp.FirstTest" tests="1" failures="0" timestamp="9 Dec 2015 10:46:40 GMT" time="1.567" errors="0">
  <testcase name="testUntitled" time="1.567" classname="mxndtr.trt.hp.FirstTest"/>
</testsuite> <!-- mxndtr.trt.hp.FirstTest -->
