<?xml version="1.0" encoding="UTF-8"?>
<!-- Generated by org.testng.reporters.JUnitReportReporter -->
<testsuite hostname="DESKTOP-EGVTUKQ" name="max.hp.trt.FirstTest" tests="1" failures="0" timestamp="9 Dec 2015 10:29:09 GMT" time="0.010" errors="0">
  <testcase name="testUntitled" time="0.010" classname="max.hp.trt.FirstTest"/>
</testsuite> <!-- max.hp.trt.FirstTest -->
