<?xml version="1.0" encoding="UTF-8"?>
<!-- Generated by org.testng.reporters.JUnitReportReporter -->
<testsuite hostname="DESKTOP-EGVTUKQ" name="mxndtr.trt.hp.FirstTest" tests="1" failures="0" timestamp="9 Dec 2015 11:09:03 GMT" time="0.912" errors="0">
  <testcase name="testUntitled" time="0.912" classname="mxndtr.trt.hp.FirstTest"/>
</testsuite> <!-- mxndtr.trt.hp.FirstTest -->
