<?xml version="1.0" encoding="UTF-8"?>
<!-- Generated by org.testng.reporters.JUnitReportReporter -->
<testsuite hostname="DESKTOP-EGVTUKQ" name="mxndtr.trt.hp.HomePageTest" tests="2" failures="0" timestamp="9 Dec 2015 10:29:43 GMT" time="1.527" errors="0">
  <testcase name="test2" time="0.003" classname="mxndtr.trt.hp.HomePageTest"/>
  <testcase name="testH1Existing" time="1.524" classname="mxndtr.trt.hp.HomePageTest"/>
</testsuite> <!-- mxndtr.trt.hp.HomePageTest -->
